<?xml version="1.0" encoding="UTF-8"?>
<testsuite name="TestSuite" time="86.916" tests="9" errors="0" skipped="0" failures="0">
  <properties>
[...]
</properties>
  <testcase name="testLoginAdmin" classname="com.ablelogix.maven.MavenDataDriven.testcases.login.LoginSuiteAdmin" time="8.832"/>
  <testcase name="testLoginAdmin" classname="com.ablelogix.maven.MavenDataDriven.testcases.login.LoginSuiteAdmin" time="8.436"/>
  <testcase name="testLoginAdmin" classname="com.ablelogix.maven.MavenDataDriven.testcases.login.LoginSuiteAdmin" time="8.198"/>
  <testcase name="testLoginAdmin" classname="com.ablelogix.maven.MavenDataDriven.testcases.login.LoginSuiteAdmin" time="10.917"/>
  <testcase name="testLoginAdmin" classname="com.ablelogix.maven.MavenDataDriven.testcases.login.LoginSuiteESSUser" time="11.467"/>
  <testcase name="testLoginAdmin" classname="com.ablelogix.maven.MavenDataDriven.testcases.login.LoginSuiteESSUser" time="8.26"/>
  <testcase name="fnameEmpty" classname="com.ablelogix.maven.MavenDataDriven.testcases.addemp.TestFnameEmpty" time="66.617"/>
  <testcase name="fnameEmpty" classname="com.ablelogix.maven.MavenDataDriven.testcases.addemp.TestFnameEmpty" time="58.786"/>
  <testcase name="fnameEmpty" classname="com.ablelogix.maven.MavenDataDriven.testcases.addemp.TestFnameEmpty" time="58.08"/>
</testsuite>