<?xml version="1.0" encoding="UTF-8"?>
<!-- Generated by org.testng.reporters.JUnitXMLReporter -->
<testsuite hostname="rafi-PC" name="LoginSuiteESSUser" tests="2" failures="0" timestamp="5 May 2016 09:37:50 GMT" time="104.025" errors="0">
  <testcase name="testLoginAdmin" time="12.551" classname="com.ablelogix.maven.MavenDataDriven.testcases.login.LoginSuiteESSUser"/>
  <testcase name="testLoginAdmin" time="10.65" classname="com.ablelogix.maven.MavenDataDriven.testcases.login.LoginSuiteESSUser"/>
</testsuite> <!-- LoginSuiteESSUser -->
